This is pdfTeX, Version 3.14159265-2.6-1.40.16 (TeX Live 2015) (preloaded format=pdflatex 2015.9.4)  16 NOV 2015 12:30
entering extended mode
 restricted \write18 enabled.
 %&-line parsing enabled.
**/Volumes/JMILLAN/WiP/DrugsGunsBabies/Documents/Drafts/WP_UC3M/DrugsGunsBabies.tex
(/Volumes/JMILLAN/WiP/DrugsGunsBabies/Documents/Drafts/WP_UC3M/DrugsGunsBabies.tex
LaTeX2e <2015/01/01> patch level 2
Babel <3.9m> and hyphenation patterns for 79 languages loaded.
(/usr/local/texlive/2015/texmf-dist/tex/latex/base/article.cls
Document Class: article 2014/09/29 v1.4h Standard LaTeX document class
(/usr/local/texlive/2015/texmf-dist/tex/latex/base/size10.clo
File: size10.clo 2014/09/29 v1.4h Standard LaTeX file (size option)
)
\c@part=\count79
\c@section=\count80
\c@subsection=\count81
\c@subsubsection=\count82
\c@paragraph=\count83
\c@subparagraph=\count84
\c@figure=\count85
\c@table=\count86
\abovecaptionskip=\skip41
\belowcaptionskip=\skip42
\bibindent=\dimen102
) (/usr/local/texlive/2015/texmf-dist/tex/latex/geometry/geometry.sty
Package: geometry 2010/09/12 v5.6 Page Geometry
 (/usr/local/texlive/2015/texmf-dist/tex/latex/graphics/keyval.sty
Package: keyval 2014/10/28 v1.15 key=value parser (DPC)
\KV@toks@=\toks14
) (/usr/local/texlive/2015/texmf-dist/tex/generic/oberdiek/ifpdf.sty
Package: ifpdf 2011/01/30 v2.3 Provides the ifpdf switch (HO)
Package ifpdf Info: pdfTeX in PDF mode is detected.
) (/usr/local/texlive/2015/texmf-dist/tex/generic/oberdiek/ifvtex.sty
Package: ifvtex 2010/03/01 v1.5 Detect VTeX and its facilities (HO)
Package ifvtex Info: VTeX not detected.
) (/usr/local/texlive/2015/texmf-dist/tex/generic/ifxetex/ifxetex.sty
Package: ifxetex 2010/09/12 v0.6 Provides ifxetex conditional
)
\Gm@cnth=\count87
\Gm@cntv=\count88
\c@Gm@tempcnt=\count89
\Gm@bindingoffset=\dimen103
\Gm@wd@mp=\dimen104
\Gm@odd@mp=\dimen105
\Gm@even@mp=\dimen106
\Gm@layoutwidth=\dimen107
\Gm@layoutheight=\dimen108
\Gm@layouthoffset=\dimen109
\Gm@layoutvoffset=\dimen110
\Gm@dimlist=\toks15
) (/usr/local/texlive/2015/texmf-dist/tex/latex/natbib/natbib.sty
Package: natbib 2010/09/13 8.31b (PWD, AO)
\bibhang=\skip43
\bibsep=\skip44
LaTeX Info: Redefining \cite on input line 694.
\c@NAT@ctr=\count90
) (/usr/local/texlive/2015/texmf-dist/tex/latex/doi/doi.sty
Package: doi 2007/07/24 handle doi numbers
 (/usr/local/texlive/2015/texmf-dist/tex/latex/hyperref/hyperref.sty
Package: hyperref 2012/11/06 v6.83m Hypertext links for LaTeX
 (/usr/local/texlive/2015/texmf-dist/tex/generic/oberdiek/hobsub-hyperref.sty
Package: hobsub-hyperref 2012/05/28 v1.13 Bundle oberdiek, subset hyperref (HO)
 (/usr/local/texlive/2015/texmf-dist/tex/generic/oberdiek/hobsub-generic.sty
Package: hobsub-generic 2012/05/28 v1.13 Bundle oberdiek, subset generic (HO)
Package: hobsub 2012/05/28 v1.13 Construct package bundles (HO)
Package: infwarerr 2010/04/08 v1.3 Providing info/warning/error messages (HO)
Package: ltxcmds 2011/11/09 v1.22 LaTeX kernel commands for general use (HO)
Package: ifluatex 2010/03/01 v1.3 Provides the ifluatex switch (HO)
Package ifluatex Info: LuaTeX not detected.
Package hobsub Info: Skipping package `ifvtex' (already loaded).
Package: intcalc 2007/09/27 v1.1 Expandable calculations with integers (HO)
Package hobsub Info: Skipping package `ifpdf' (already loaded).
Package: etexcmds 2011/02/16 v1.5 Avoid name clashes with e-TeX commands (HO)
Package etexcmds Info: Could not find \expanded.
(etexcmds)             That can mean that you are not using pdfTeX 1.50 or
(etexcmds)             that some package has redefined \expanded.
(etexcmds)             In the latter case, load this package earlier.
Package: kvsetkeys 2012/04/25 v1.16 Key value parser (HO)
Package: kvdefinekeys 2011/04/07 v1.3 Define keys (HO)
Package: pdftexcmds 2011/11/29 v0.20 Utility functions of pdfTeX for LuaTeX (HO)
Package pdftexcmds Info: LuaTeX not detected.
Package pdftexcmds Info: \pdf@primitive is available.
Package pdftexcmds Info: \pdf@ifprimitive is available.
Package pdftexcmds Info: \pdfdraftmode found.
Package: pdfescape 2011/11/25 v1.13 Implements pdfTeX's escape features (HO)
Package: bigintcalc 2012/04/08 v1.3 Expandable calculations on big integers (HO)
Package: bitset 2011/01/30 v1.1 Handle bit-vector datatype (HO)
Package: uniquecounter 2011/01/30 v1.2 Provide unlimited unique counter (HO)
)
Package hobsub Info: Skipping package `hobsub' (already loaded).
Package: letltxmacro 2010/09/02 v1.4 Let assignment for LaTeX macros (HO)
Package: hopatch 2012/05/28 v1.2 Wrapper for package hooks (HO)
Package: xcolor-patch 2011/01/30 xcolor patch
Package: atveryend 2011/06/30 v1.8 Hooks at the very end of document (HO)
Package atveryend Info: \enddocument detected (standard20110627).
Package: atbegshi 2011/10/05 v1.16 At begin shipout hook (HO)
Package: refcount 2011/10/16 v3.4 Data extraction from label references (HO)
Package: hycolor 2011/01/30 v1.7 Color options for hyperref/bookmark (HO)
) (/usr/local/texlive/2015/texmf-dist/tex/latex/oberdiek/auxhook.sty
Package: auxhook 2011/03/04 v1.3 Hooks for auxiliary files (HO)
) (/usr/local/texlive/2015/texmf-dist/tex/latex/oberdiek/kvoptions.sty
Package: kvoptions 2011/06/30 v3.11 Key value format for package options (HO)
)
\@linkdim=\dimen111
\Hy@linkcounter=\count91
\Hy@pagecounter=\count92
 (/usr/local/texlive/2015/texmf-dist/tex/latex/hyperref/pd1enc.def
File: pd1enc.def 2012/11/06 v6.83m Hyperref: PDFDocEncoding definition (HO)
)
\Hy@SavedSpaceFactor=\count93
 (/usr/local/texlive/2015/texmf-dist/tex/latex/latexconfig/hyperref.cfg
File: hyperref.cfg 2002/06/06 v1.2 hyperref configuration of TeXLive
)
Package hyperref Info: Hyper figures OFF on input line 4443.
Package hyperref Info: Link nesting OFF on input line 4448.
Package hyperref Info: Hyper index ON on input line 4451.
Package hyperref Info: Plain pages OFF on input line 4458.
Package hyperref Info: Backreferencing OFF on input line 4463.
Package hyperref Info: Implicit mode ON; LaTeX internals redefined.
Package hyperref Info: Bookmarks ON on input line 4688.
\c@Hy@tempcnt=\count94
 (/usr/local/texlive/2015/texmf-dist/tex/latex/url/url.sty
\Urlmuskip=\muskip10
Package: url 2013/09/16  ver 3.4  Verb mode for urls, etc.
)
LaTeX Info: Redefining \url on input line 5041.
\XeTeXLinkMargin=\dimen112
\Fld@menulength=\count95
\Field@Width=\dimen113
\Fld@charsize=\dimen114
Package hyperref Info: Hyper figures OFF on input line 6295.
Package hyperref Info: Link nesting OFF on input line 6300.
Package hyperref Info: Hyper index ON on input line 6303.
Package hyperref Info: backreferencing OFF on input line 6310.
Package hyperref Info: Link coloring OFF on input line 6315.
Package hyperref Info: Link coloring with OCG OFF on input line 6320.
Package hyperref Info: PDF/A mode OFF on input line 6325.
LaTeX Info: Redefining \ref on input line 6365.
LaTeX Info: Redefining \pageref on input line 6369.
\Hy@abspage=\count96
\c@Item=\count97
\c@Hfootnote=\count98
)

Package hyperref Message: Driver (autodetected): hpdftex.

(/usr/local/texlive/2015/texmf-dist/tex/latex/hyperref/hpdftex.def
File: hpdftex.def 2012/11/06 v6.83m Hyperref driver for pdfTeX
\Fld@listcount=\count99
\c@bookmark@seq@number=\count100
 (/usr/local/texlive/2015/texmf-dist/tex/latex/oberdiek/rerunfilecheck.sty
Package: rerunfilecheck 2011/04/15 v1.7 Rerun checks for auxiliary files (HO)
Package uniquecounter Info: New unique counter `rerunfilecheck' on input line 282.
)
\Hy@SectionHShift=\skip45
)) (/usr/local/texlive/2015/texmf-dist/tex/latex/subfigure/subfigure.sty
Package: subfigure 2002/03/15 v2.1.5 subfigure package
\subfigtopskip=\skip46
\subfigcapskip=\skip47
\subfigcaptopadj=\dimen115
\subfigbottomskip=\skip48
\subfigcapmargin=\dimen116
\subfiglabelskip=\skip49
\c@subfigure=\count101
\c@lofdepth=\count102
\c@subtable=\count103
\c@lotdepth=\count104

****************************************
* Local config file subfigure.cfg used *
****************************************
(/usr/local/texlive/2015/texmf-dist/tex/latex/subfigure/subfigure.cfg)
\subfig@top=\skip50
\subfig@bottom=\skip51
) (/usr/local/texlive/2015/texmf-dist/tex/latex/graphics/graphicx.sty
Package: graphicx 2014/10/28 v1.0g Enhanced LaTeX Graphics (DPC,SPQR)
 (/usr/local/texlive/2015/texmf-dist/tex/latex/graphics/graphics.sty
Package: graphics 2014/10/28 v1.0p Standard LaTeX Graphics (DPC,SPQR)
 (/usr/local/texlive/2015/texmf-dist/tex/latex/graphics/trig.sty
Package: trig 1999/03/16 v1.09 sin cos tan (DPC)
) (/usr/local/texlive/2015/texmf-dist/tex/latex/latexconfig/graphics.cfg
File: graphics.cfg 2010/04/23 v1.9 graphics configuration of TeX Live
)
Package graphics Info: Driver file: pdftex.def on input line 94.
 (/usr/local/texlive/2015/texmf-dist/tex/latex/pdftex-def/pdftex.def
File: pdftex.def 2011/05/27 v0.06d Graphics/color for pdfTeX
\Gread@gobject=\count105
))
\Gin@req@height=\dimen117
\Gin@req@width=\dimen118
) (/usr/local/texlive/2015/texmf-dist/tex/latex/multirow/multirow.sty
\bigstrutjot=\dimen119
) (/usr/local/texlive/2015/texmf-dist/tex/latex/setspace/setspace.sty
Package: setspace 2011/12/19 v6.7a set line spacing
) (/usr/local/texlive/2015/texmf-dist/tex/latex/amsfonts/amssymb.sty
Package: amssymb 2013/01/14 v3.01 AMS font symbols
 (/usr/local/texlive/2015/texmf-dist/tex/latex/amsfonts/amsfonts.sty
Package: amsfonts 2013/01/14 v3.01 Basic AMSFonts support
\@emptytoks=\toks16
\symAMSa=\mathgroup4
\symAMSb=\mathgroup5
LaTeX Font Info:    Overwriting math alphabet `\mathfrak' in version `bold'
(Font)                  U/euf/m/n --> U/euf/b/n on input line 106.
)) (/usr/local/texlive/2015/texmf-dist/tex/latex/amscls/amsthm.sty
Package: amsthm 2015/03/04 v2.20.2
\thm@style=\toks17
\thm@bodyfont=\toks18
\thm@headfont=\toks19
\thm@notefont=\toks20
\thm@headpunct=\toks21
\thm@preskip=\skip52
\thm@postskip=\skip53
\thm@headsep=\skip54
\dth@everypar=\toks22
)
\c@prop=\count106
 (/usr/local/texlive/2015/texmf-dist/tex/latex/amsmath/amsmath.sty
Package: amsmath 2013/01/14 v2.14 AMS math features
\@mathmargin=\skip55

For additional information on amsmath, use the `?' option.
(/usr/local/texlive/2015/texmf-dist/tex/latex/amsmath/amstext.sty
Package: amstext 2000/06/29 v2.01
 (/usr/local/texlive/2015/texmf-dist/tex/latex/amsmath/amsgen.sty
File: amsgen.sty 1999/11/30 v2.0
\@emptytoks=\toks23
\ex@=\dimen120
)) (/usr/local/texlive/2015/texmf-dist/tex/latex/amsmath/amsbsy.sty
Package: amsbsy 1999/11/29 v1.2d
\pmbraise@=\dimen121
) (/usr/local/texlive/2015/texmf-dist/tex/latex/amsmath/amsopn.sty
Package: amsopn 1999/12/14 v2.01 operator names
)
\inf@bad=\count107
LaTeX Info: Redefining \frac on input line 210.
\uproot@=\count108
\leftroot@=\count109
LaTeX Info: Redefining \overline on input line 306.
\classnum@=\count110
\DOTSCASE@=\count111
LaTeX Info: Redefining \ldots on input line 378.
LaTeX Info: Redefining \dots on input line 381.
LaTeX Info: Redefining \cdots on input line 466.
\Mathstrutbox@=\box26
\strutbox@=\box27
\big@size=\dimen122
LaTeX Font Info:    Redeclaring font encoding OML on input line 566.
LaTeX Font Info:    Redeclaring font encoding OMS on input line 567.
\macc@depth=\count112
\c@MaxMatrixCols=\count113
\dotsspace@=\muskip11
\c@parentequation=\count114
\dspbrk@lvl=\count115
\tag@help=\toks24
\row@=\count116
\column@=\count117
\maxfields@=\count118
\andhelp@=\toks25
\eqnshift@=\dimen123
\alignsep@=\dimen124
\tagshift@=\dimen125
\tagwidth@=\dimen126
\totwidth@=\dimen127
\lineht@=\dimen128
\@envbody=\toks26
\multlinegap=\skip56
\multlinetaggap=\skip57
\mathdisplay@stack=\toks27
LaTeX Info: Redefining \[ on input line 2665.
LaTeX Info: Redefining \] on input line 2666.
) (/usr/local/texlive/2015/texmf-dist/tex/latex/eqnarray/eqnarray.sty
equationarray 1.3 <December 1, 2010>
Package: eqnarray 
(/usr/local/texlive/2015/texmf-dist/tex/latex/tools/array.sty
Package: array 2014/10/28 v2.4c Tabular extension package (FMi)
\col@sep=\dimen129
\extrarowheight=\dimen130
\NC@list=\toks28
\extratabsurround=\skip58
\backup@length=\skip59
)
\@eqargcnt=\count119
)
Package hyperref Info: Option `colorlinks' set `true' on input line 36.
 (/usr/local/texlive/2015/texmf-dist/tex/latex/footmisc/footmisc.sty
Package: footmisc 2011/06/06 v5.5b a miscellany of footnote facilities
\FN@temptoken=\toks29
\footnotemargin=\dimen131
\c@pp@next@reset=\count120
Package footmisc Info: Declaring symbol style bringhurst on input line 855.
Package footmisc Info: Declaring symbol style chicago on input line 863.
Package footmisc Info: Declaring symbol style wiley on input line 872.
Package footmisc Info: Declaring symbol style lamport-robust on input line 883.
Package footmisc Info: Declaring symbol style lamport* on input line 903.
Package footmisc Info: Declaring symbol style lamport*-robust on input line 924.
) (/usr/local/texlive/2015/texmf-dist/tex/latex/caption/caption.sty
Package: caption 2013/05/02 v3.3-89 Customizing captions (AR)
 (/usr/local/texlive/2015/texmf-dist/tex/latex/caption/caption3.sty
Package: caption3 2013/05/02 v1.6-88 caption3 kernel (AR)
Package caption3 Info: TeX engine: e-TeX on input line 57.
\captionmargin=\dimen132
\captionmargin@=\dimen133
\captionwidth=\dimen134
\caption@tempdima=\dimen135
\caption@indent=\dimen136
\caption@parindent=\dimen137
\caption@hangindent=\dimen138
)
\c@ContinuedFloat=\count121
Package caption Info: hyperref package is loaded.
Package caption Info: subfigure package is loaded.
) (/usr/local/texlive/2015/texmf-dist/tex/latex/xcolor/xcolor.sty
Package: xcolor 2007/01/21 v2.11 LaTeX color extensions (UK)
 (/usr/local/texlive/2015/texmf-dist/tex/latex/latexconfig/color.cfg
File: color.cfg 2007/01/18 v1.5 color configuration of teTeX/TeXLive
)
Package xcolor Info: Driver file: pdftex.def on input line 225.
Package xcolor Info: Model `cmy' substituted by `cmy0' on input line 1337.
Package xcolor Info: Model `hsb' substituted by `rgb' on input line 1341.
Package xcolor Info: Model `RGB' extended on input line 1353.
Package xcolor Info: Model `HTML' substituted by `rgb' on input line 1355.
Package xcolor Info: Model `Hsb' substituted by `hsb' on input line 1356.
Package xcolor Info: Model `tHsb' substituted by `hsb' on input line 1357.
Package xcolor Info: Model `HSB' substituted by `hsb' on input line 1358.
Package xcolor Info: Model `Gray' substituted by `gray' on input line 1359.
Package xcolor Info: Model `wave' substituted by `hsb' on input line 1360.
) (/usr/local/texlive/2015/texmf-dist/tex/latex/silence/silence.sty
Package: silence 2012/07/02 v1.5b Selective filtering of warnings and error messages
\sl@Save=\count122
\sl@StateNumber=\count123
\sl@MessageCount=\count124
\sl@Casualties=\count125
\sl@Filter=\toks30
\sl@Message=\toks31
\sl@UnexpandedMessage=\toks32
\sl@Mess@ge=\toks33
\sl@WarningCount=\count126
\sl@WarningNumber=\count127
\sl@WarningCasualties=\count128
\sl@TempBOW=\toks34
\sl@BankOfWarnings=\toks35
LaTeX Info: Redefining \GenericWarning on input line 433.
\sl@ErrorCount=\count129
\sl@ErrorNumber=\count130
\sl@ErrorCasualties=\count131
\sl@TempBOE=\toks36
\sl@BankOfErrors=\toks37
LaTeX Info: Redefining \GenericError on input line 601.
) (/Volumes/JMILLAN/WiP/DrugsGunsBabies/Documents/Drafts/WP_UC3M/.tmp/le_cU6/DrugsGunsBabies.aux
! Undefined control sequence.
l.19 \emailauthor
                 {jmillan@eco.uc3m.es}{Jaime Mill\'an-Quijano}
The control sequence at the end of the top line
of your error message was never \def'ed. If you have
misspelled it (e.g., `\hobx'), type `I' and the correct
spelling (e.g., `I\hbox'). Otherwise just continue,
and I'll forget about whatever was undefined.


! LaTeX Error: Missing \begin{document}.

See the LaTeX manual or LaTeX Companion for explanation.
Type  H <return>  for immediate help.
 ...                                              
                                                  
l.19 \emailauthor{j
                   millan@eco.uc3m.es}{Jaime Mill\'an-Quijano}
You're in trouble here.  Try typing  <return>  to proceed.
If that doesn't work, type  X <return>  to quit.

)
\openout1 = `DrugsGunsBabies.aux'.

LaTeX Font Info:    Checking defaults for OML/cmm/m/it on input line 58.
LaTeX Font Info:    ... okay on input line 58.
LaTeX Font Info:    Checking defaults for T1/cmr/m/n on input line 58.
LaTeX Font Info:    ... okay on input line 58.
LaTeX Font Info:    Checking defaults for OT1/cmr/m/n on input line 58.
LaTeX Font Info:    ... okay on input line 58.
LaTeX Font Info:    Checking defaults for OMS/cmsy/m/n on input line 58.
LaTeX Font Info:    ... okay on input line 58.
LaTeX Font Info:    Checking defaults for OMX/cmex/m/n on input line 58.
LaTeX Font Info:    ... okay on input line 58.
LaTeX Font Info:    Checking defaults for U/cmr/m/n on input line 58.
LaTeX Font Info:    ... okay on input line 58.
LaTeX Font Info:    Checking defaults for PD1/pdf/m/n on input line 58.
LaTeX Font Info:    ... okay on input line 58.

*geometry* driver: auto-detecting
*geometry* detected driver: pdftex

Package geometry Warning: The marginal notes overrun the paper.
     Add 39.54726pt and more to the right margin.

*geometry* verbose mode - [ preamble ] result:
* driver: pdftex
* paper: a4paper
* layout: <same size as paper>
* layoutoffset:(h,v)=(0.0pt,0.0pt)
* modes: 
* h-part:(L,W,R)=(28.45274pt, 540.60239pt, 28.45274pt)
* v-part:(T,H,B)=(42.67912pt, 759.6886pt, 42.67912pt)
* \paperwidth=597.50787pt
* \paperheight=845.04684pt
* \textwidth=540.60239pt
* \textheight=759.6886pt
* \oddsidemargin=-43.81725pt
* \evensidemargin=-43.81725pt
* \topmargin=-47.28133pt
* \headheight=12.0pt
* \headsep=5.69046pt
* \topskip=10.0pt
* \footskip=14.22636pt
* \marginparwidth=57.0pt
* \marginparsep=11.0pt
* \columnsep=10.0pt
* \skip\footins=9.0pt plus 4.0pt minus 2.0pt
* \hoffset=0.0pt
* \voffset=0.0pt
* \mag=1000
* \@twocolumnfalse
* \@twosidefalse
* \@mparswitchfalse
* \@reversemarginfalse
* (1in=72.27pt=25.4mm, 1cm=28.453pt)

\AtBeginShipoutBox=\box28
Package hyperref Info: Link coloring ON on input line 58.
(/usr/local/texlive/2015/texmf-dist/tex/latex/hyperref/nameref.sty
Package: nameref 2012/10/27 v2.43 Cross-referencing by name of section
 (/usr/local/texlive/2015/texmf-dist/tex/generic/oberdiek/gettitlestring.sty
Package: gettitlestring 2010/12/03 v1.4 Cleanup title references (HO)
)
\c@section@level=\count132
)
LaTeX Info: Redefining \ref on input line 58.
LaTeX Info: Redefining \pageref on input line 58.
LaTeX Info: Redefining \nameref on input line 58.
 (/Volumes/JMILLAN/WiP/DrugsGunsBabies/Documents/Drafts/WP_UC3M/.tmp/le_cU6/DrugsGunsBabies.out) (/Volumes/JMILLAN/WiP/DrugsGunsBabies/Documents/Drafts/WP_UC3M/.tmp/le_cU6/DrugsGunsBabies.out)
\@outlinefile=\write3
\openout3 = `DrugsGunsBabies.out'.

 (/usr/local/texlive/2015/texmf-dist/tex/context/base/supp-pdf.mkii
Overfull \hbox (222.64584pt too wide) in paragraph at lines 19--13
[]\OT1/cmr/m/n/10 jmillan@eco.uc3m.esJaime Mill^^San-Quijano                                                                                                                                                                                                                                                                      []  
 []

[Loading MPS to PDF converter (version 2006.09.02).]
\scratchcounter=\count133
\scratchdimen=\dimen139
\scratchbox=\box29
\nofMPsegments=\count134
\nofMParguments=\count135
\everyMPshowfont=\toks38
\MPscratchCnt=\count136
\MPscratchDim=\dimen140
\MPnumerator=\count137
\makeMPintoPDFobject=\count138
\everyMPtoPDFconversion=\toks39
) (/usr/local/texlive/2015/texmf-dist/tex/latex/oberdiek/epstopdf-base.sty
Package: epstopdf-base 2010/02/09 v2.5 Base part for package epstopdf
 (/usr/local/texlive/2015/texmf-dist/tex/latex/oberdiek/grfext.sty
Package: grfext 2010/08/19 v1.1 Manage graphics extensions (HO)
)
Package grfext Info: Graphics extension search list:
(grfext)             [.png,.pdf,.jpg,.mps,.jpeg,.jbig2,.jb2,.PNG,.PDF,.JPG,.JPEG,.JBIG2,.JB2,.eps]
(grfext)             \AppendGraphicsExtensions on input line 452.
 (/usr/local/texlive/2015/texmf-dist/tex/latex/latexconfig/epstopdf-sys.cfg
File: epstopdf-sys.cfg 2010/07/13 v1.3 Configuration of (r)epstopdf for TeX Live
))
Package caption Info: Begin \AtBeginDocument code.
Package caption Info: End \AtBeginDocument code.
 [1

{/usr/local/texlive/2015/texmf-var/fonts/map/pdftex/updmap/pdftex.map}]
LaTeX Font Info:    Try loading font information for U+msa on input line 69.
 (/usr/local/texlive/2015/texmf-dist/tex/latex/amsfonts/umsa.fd
File: umsa.fd 2013/01/14 v3.01 AMS symbols A
)
LaTeX Font Info:    Try loading font information for U+msb on input line 69.
 (/usr/local/texlive/2015/texmf-dist/tex/latex/amsfonts/umsb.fd
File: umsb.fd 2013/01/14 v3.01 AMS symbols B
) [2] [3] [4] </Volumes/JMILLAN/WiP/DrugsGunsBabies/DataAnalysis/GraphFiles/SexRatioChange3.png, id=181, 509.905pt x 371.3875pt>
File: /Volumes/JMILLAN/WiP/DrugsGunsBabies/DataAnalysis/GraphFiles/SexRatioChange3.png Graphic file (type png)
 <use /Volumes/JMILLAN/WiP/DrugsGunsBabies/DataAnalysis/GraphFiles/SexRatioChange3.png>
Package pdftex.def Info: /Volumes/JMILLAN/WiP/DrugsGunsBabies/DataAnalysis/GraphFiles/SexRatioChange3.png used on input line 194.
(pdftex.def)             Requested size: 229.45512pt x 167.12282pt.
 [5]

LaTeX Warning: `h' float specifier changed to `ht'.

[6 </Volumes/JMILLAN/WiP/DrugsGunsBabies/DataAnalysis/GraphFiles/SexRatioChange3.png>] </Volumes/JMILLAN/WiP/DrugsGunsBabies/DataAnalysis/GraphFiles/1505SurDesh_preg2homDm100.png, id=266, 440.64626pt x 321.2pt>
File: /Volumes/JMILLAN/WiP/DrugsGunsBabies/DataAnalysis/GraphFiles/1505SurDesh_preg2homDm100.png Graphic file (type png)
 <use /Volumes/JMILLAN/WiP/DrugsGunsBabies/DataAnalysis/GraphFiles/1505SurDesh_preg2homDm100.png>
Package pdftex.def Info: /Volumes/JMILLAN/WiP/DrugsGunsBabies/DataAnalysis/GraphFiles/1505SurDesh_preg2homDm100.png used on input line 263.
(pdftex.def)             Requested size: 198.28897pt x 144.53867pt.


LaTeX Warning: `h' float specifier changed to `ht'.

[7] [8 </Volumes/JMILLAN/WiP/DrugsGunsBabies/DataAnalysis/GraphFiles/1505SurDesh_preg2homDm100.png>] [9] </Volumes/JMILLAN/WiP/DrugsGunsBabies/DataAnalysis/GraphFiles/1505SurDes_F_All.png, id=346, 440.64626pt x 321.2pt>
File: /Volumes/JMILLAN/WiP/DrugsGunsBabies/DataAnalysis/GraphFiles/1505SurDes_F_All.png Graphic file (type png)
 <use /Volumes/JMILLAN/WiP/DrugsGunsBabies/DataAnalysis/GraphFiles/1505SurDes_F_All.png>
Package pdftex.def Info: /Volumes/JMILLAN/WiP/DrugsGunsBabies/DataAnalysis/GraphFiles/1505SurDes_F_All.png used on input line 340.
(pdftex.def)             Requested size: 198.28897pt x 144.53867pt.
 </Volumes/JMILLAN/WiP/DrugsGunsBabies/DataAnalysis/GraphFiles/1505SurDes_h_All.png, id=347, 440.64626pt x 321.2pt>
File: /Volumes/JMILLAN/WiP/DrugsGunsBabies/DataAnalysis/GraphFiles/1505SurDes_h_All.png Graphic file (type png)
 <use /Volumes/JMILLAN/WiP/DrugsGunsBabies/DataAnalysis/GraphFiles/1505SurDes_h_All.png>
Package pdftex.def Info: /Volumes/JMILLAN/WiP/DrugsGunsBabies/DataAnalysis/GraphFiles/1505SurDes_h_All.png used on input line 342.
(pdftex.def)             Requested size: 198.28897pt x 144.53867pt.
 </Volumes/JMILLAN/WiP/DrugsGunsBabies/DataAnalysis/GraphFiles/1308homRateAnnualTotalvsDHS.png, id=350, 440.64626pt x 321.2pt>
File: /Volumes/JMILLAN/WiP/DrugsGunsBabies/DataAnalysis/GraphFiles/1308homRateAnnualTotalvsDHS.png Graphic file (type png)
 <use /Volumes/JMILLAN/WiP/DrugsGunsBabies/DataAnalysis/GraphFiles/1308homRateAnnualTotalvsDHS.png>
Package pdftex.def Info: /Volumes/JMILLAN/WiP/DrugsGunsBabies/DataAnalysis/GraphFiles/1308homRateAnnualTotalvsDHS.png used on input line 356.
(pdftex.def)             Requested size: 198.28897pt x 144.53867pt.


LaTeX Warning: `h' float specifier changed to `ht'.

[10 </Volumes/JMILLAN/WiP/DrugsGunsBabies/DataAnalysis/GraphFiles/1505SurDes_F_All.png> </Volumes/JMILLAN/WiP/DrugsGunsBabies/DataAnalysis/GraphFiles/1505SurDes_h_All.png> </Volumes/JMILLAN/WiP/DrugsGunsBabies/DataAnalysis/GraphFiles/1308homRateAnnualTotalvsDHS.png>] </Volumes/JMILLAN/WiP/DrugsGunsBabies/DataAnalysis/GraphFiles/10201505DDClusterPacificDHS.png, id=371, 336.25626pt x 399.4925pt>
File: /Volumes/JMILLAN/WiP/DrugsGunsBabies/DataAnalysis/GraphFiles/10201505DDClusterPacificDHS.png Graphic file (type png)
 <use /Volumes/JMILLAN/WiP/DrugsGunsBabies/DataAnalysis/GraphFiles/10201505DDClusterPacificDHS.png>
Package pdftex.def Info: /Volumes/JMILLAN/WiP/DrugsGunsBabies/DataAnalysis/GraphFiles/10201505DDClusterPacificDHS.png used on input line 423.
(pdftex.def)             Requested size: 100.87766pt x 119.84866pt.
 </Volumes/JMILLAN/WiP/DrugsGunsBabies/DataAnalysis/GraphFiles/10201505DDClusterAtlanticDHS.png, id=372, 300.12125pt x 357.335pt>
File: /Volumes/JMILLAN/WiP/DrugsGunsBabies/DataAnalysis/GraphFiles/10201505DDClusterAtlanticDHS.png Graphic file (type png)
 <use /Volumes/JMILLAN/WiP/DrugsGunsBabies/DataAnalysis/GraphFiles/10201505DDClusterAtlanticDHS.png>
Package pdftex.def Info: /Volumes/JMILLAN/WiP/DrugsGunsBabies/DataAnalysis/GraphFiles/10201505DDClusterAtlanticDHS.png used on input line 425.
(pdftex.def)             Requested size: 90.03706pt x 107.20132pt.
 </Volumes/JMILLAN/WiP/DrugsGunsBabies/DataAnalysis/GraphFiles/10201505DDClusterVenNorthDHS.png, id=373, 300.12125pt x 357.335pt>
File: /Volumes/JMILLAN/WiP/DrugsGunsBabies/DataAnalysis/GraphFiles/10201505DDClusterVenNorthDHS.png Graphic file (type png)
 <use /Volumes/JMILLAN/WiP/DrugsGunsBabies/DataAnalysis/GraphFiles/10201505DDClusterVenNorthDHS.png>
Package pdftex.def Info: /Volumes/JMILLAN/WiP/DrugsGunsBabies/DataAnalysis/GraphFiles/10201505DDClusterVenNorthDHS.png used on input line 427.
(pdftex.def)             Requested size: 90.03706pt x 107.20132pt.
 </Volumes/JMILLAN/WiP/DrugsGunsBabies/DataAnalysis/GraphFiles/10201505DDClusterVenSouthDHS.png, id=374, 300.12125pt x 357.335pt>
File: /Volumes/JMILLAN/WiP/DrugsGunsBabies/DataAnalysis/GraphFiles/10201505DDClusterVenSouthDHS.png Graphic file (type png)
 <use /Volumes/JMILLAN/WiP/DrugsGunsBabies/DataAnalysis/GraphFiles/10201505DDClusterVenSouthDHS.png>
Package pdftex.def Info: /Volumes/JMILLAN/WiP/DrugsGunsBabies/DataAnalysis/GraphFiles/10201505DDClusterVenSouthDHS.png used on input line 429.
(pdftex.def)             Requested size: 90.03706pt x 107.20132pt.
 </Volumes/JMILLAN/WiP/DrugsGunsBabies/DataAnalysis/GraphFiles/10201505NoTrafDHS.png, id=375, 300.12125pt x 357.335pt>
File: /Volumes/JMILLAN/WiP/DrugsGunsBabies/DataAnalysis/GraphFiles/10201505NoTrafDHS.png Graphic file (type png)
 <use /Volumes/JMILLAN/WiP/DrugsGunsBabies/DataAnalysis/GraphFiles/10201505NoTrafDHS.png>
Package pdftex.def Info: /Volumes/JMILLAN/WiP/DrugsGunsBabies/DataAnalysis/GraphFiles/10201505NoTrafDHS.png used on input line 431.
(pdftex.def)             Requested size: 90.03706pt x 107.20132pt.

Overfull \hbox (540.60239pt too wide) in paragraph at lines 423--440
 [] 
 []

</Volumes/JMILLAN/WiP/DrugsGunsBabies/DataAnalysis/GraphFiles/1505cocaineIntVsColPrice.png, id=380, 440.64626pt x 321.2pt>
File: /Volumes/JMILLAN/WiP/DrugsGunsBabies/DataAnalysis/GraphFiles/1505cocaineIntVsColPrice.png Graphic file (type png)
 <use /Volumes/JMILLAN/WiP/DrugsGunsBabies/DataAnalysis/GraphFiles/1505cocaineIntVsColPrice.png>
Package pdftex.def Info: /Volumes/JMILLAN/WiP/DrugsGunsBabies/DataAnalysis/GraphFiles/1505cocaineIntVsColPrice.png used on input line 448.
(pdftex.def)             Requested size: 198.28897pt x 144.53867pt.

Overfull \hbox (540.60239pt too wide) in paragraph at lines 448--454
 [] 
 []


LaTeX Warning: `h' float specifier changed to `ht'.

[11] [12 </Volumes/JMILLAN/WiP/DrugsGunsBabies/DataAnalysis/GraphFiles/10201505DDClusterPacificDHS.png> </Volumes/JMILLAN/WiP/DrugsGunsBabies/DataAnalysis/GraphFiles/10201505DDClusterAtlanticDHS.png> </Volumes/JMILLAN/WiP/DrugsGunsBabies/DataAnalysis/GraphFiles/10201505DDClusterVenNorthDHS.png> </Volumes/JMILLAN/WiP/DrugsGunsBabies/DataAnalysis/GraphFiles/10201505DDClusterVenSouthDHS.png> </Volumes/JMILLAN/WiP/DrugsGunsBabies/DataAnalysis/GraphFiles/10201505NoTrafDHS.png> </Volumes/JMILLAN/WiP/DrugsGunsBabies/DataAnalysis/GraphFiles/1505cocaineIntVsColPrice.png>] [13]
Overfull \hbox (540.60239pt too wide) in paragraph at lines 649--658
 [][] 
 []

[14] </Volumes/JMILLAN/WiP/DrugsGunsBabies/DataAnalysis/GraphFiles/MarriedVSMother.png, id=457, 509.905pt x 371.3875pt>
File: /Volumes/JMILLAN/WiP/DrugsGunsBabies/DataAnalysis/GraphFiles/MarriedVSMother.png Graphic file (type png)
 <use /Volumes/JMILLAN/WiP/DrugsGunsBabies/DataAnalysis/GraphFiles/MarriedVSMother.png>
Package pdftex.def Info: /Volumes/JMILLAN/WiP/DrugsGunsBabies/DataAnalysis/GraphFiles/MarriedVSMother.png used on input line 666.
(pdftex.def)             Requested size: 229.45512pt x 167.12282pt.


LaTeX Warning: `h' float specifier changed to `ht'.

[15 </Volumes/JMILLAN/WiP/DrugsGunsBabies/DataAnalysis/GraphFiles/MarriedVSMother.png>] [16]

LaTeX Warning: `h' float specifier changed to `ht'.

[17]

LaTeX Warning: `h' float specifier changed to `ht'.


LaTeX Warning: `h' float specifier changed to `ht'.


LaTeX Warning: `h' float specifier changed to `ht'.

[18] [19] [20] (/Volumes/JMILLAN/WiP/DrugsGunsBabies/Documents/Drafts/WP_UC3M/.tmp/le_cU6/DrugsGunsBabies.bbl [21

])
Package atveryend Info: Empty hook `BeforeClearDocument' on input line 1005.
 [22]
Package atveryend Info: Empty hook `AfterLastShipout' on input line 1005.
 (/Volumes/JMILLAN/WiP/DrugsGunsBabies/Documents/Drafts/WP_UC3M/.tmp/le_cU6/DrugsGunsBabies.aux)
Package atveryend Info: Executing hook `AtVeryEndDocument' on input line 1005.
Package atveryend Info: Executing hook `AtEndAfterFileList' on input line 1005.
Package rerunfilecheck Info: File `DrugsGunsBabies.out' has not changed.
(rerunfilecheck)             Checksum: CC1484ABD1EAE516E7D800F0C9DDC4C0;1078.


LaTeX Warning: Label(s) may have changed. Rerun to get cross-references right.

Package atveryend Info: Empty hook `AtVeryVeryEnd' on input line 1005.
 ) 
Here is how much of TeX's memory you used:
 9114 strings out of 493091
 139746 string characters out of 6134965
 266066 words of memory out of 5000000
 12330 multiletter control sequences out of 15000+600000
 13630 words of font info for 52 fonts, out of 8000000 for 9000
 1141 hyphenation exceptions out of 8191
 36i,15n,38p,1271b,465s stack positions out of 5000i,500n,10000p,200000b,80000s
pdfTeX warning (dest): name{Hfootnote.20} has been referenced but does not exist, replaced by a fixed one

pdfTeX warning (dest): name{Hfootnote.19} has been referenced but does not exist, replaced by a fixed one

pdfTeX warning (dest): name{Hfootnote.18} has been referenced but does not exist, replaced by a fixed one

pdfTeX warning (dest): name{Hfootnote.17} has been referenced but does not exist, replaced by a fixed one

pdfTeX warning (dest): name{Hfootnote.16} has been referenced but does not exist, replaced by a fixed one

pdfTeX warning (dest): name{Hfootnote.15} has been referenced but does not exist, replaced by a fixed one

pdfTeX warning (dest): name{Hfootnote.14} has been referenced but does not exist, replaced by a fixed one

pdfTeX warning (dest): name{Hfootnote.13} has been referenced but does not exist, replaced by a fixed one

pdfTeX warning (dest): name{Hfootnote.12} has been referenced but does not exist, replaced by a fixed one

pdfTeX warning (dest): name{Hfootnote.11} has been referenced but does not exist, replaced by a fixed one

pdfTeX warning (dest): name{Hfootnote.10} has been referenced but does not exist, replaced by a fixed one

pdfTeX warning (dest): name{Hfootnote.9} has been referenced but does not exist, replaced by a fixed one

pdfTeX warning (dest): name{Hfootnote.8} has been referenced but does not exist, replaced by a fixed one

pdfTeX warning (dest): name{Hfootnote.7} has been referenced but does not exist, replaced by a fixed one

pdfTeX warning (dest): name{Hfootnote.6} has been referenced but does not exist, replaced by a fixed one

pdfTeX warning (dest): name{Hfootnote.5} has been referenced but does not exist, replaced by a fixed one

pdfTeX warning (dest): name{Hfootnote.4} has been referenced but does not exist, replaced by a fixed one

pdfTeX warning (dest): name{Hfootnote.3} has been referenced but does not exist, replaced by a fixed one

pdfTeX warning (dest): name{Hfootnote.2} has been referenced but does not exist, replaced by a fixed one

pdfTeX warning (dest): name{Hfootnote.1} has been referenced but does not exist, replaced by a fixed one

</usr/local/texlive/2015/texmf-dist/fonts/type1/public/amsfonts/cm/cmbx10.pfb></usr/local/texlive/2015/texmf-dist/fonts/type1/public/amsfonts/cm/cmbx12.pfb></usr/local/texlive/2015/texmf-dist/fonts/type1/public/amsfonts/cm/cmbx8.pfb></usr/local/texlive/2015/texmf-dist/fonts/type1/public/amsfonts/cm/cmbx9.pfb></usr/local/texlive/2015/texmf-dist/fonts/type1/public/amsfonts/cm/cmex10.pfb></usr/local/texlive/2015/texmf-dist/fonts/type1/public/amsfonts/cmextra/cmex8.pfb></usr/local/texlive/2015/texmf-dist/fonts/type1/public/amsfonts/cm/cmmi10.pfb></usr/local/texlive/2015/texmf-dist/fonts/type1/public/amsfonts/cm/cmmi5.pfb></usr/local/texlive/2015/texmf-dist/fonts/type1/public/amsfonts/cm/cmmi6.pfb></usr/local/texlive/2015/texmf-dist/fonts/type1/public/amsfonts/cm/cmmi7.pfb></usr/local/texlive/2015/texmf-dist/fonts/type1/public/amsfonts/cm/cmmi8.pfb></usr/local/texlive/2015/texmf-dist/fonts/type1/public/amsfonts/cm/cmr10.pfb></usr/local/texlive/2015/texmf-dist/fonts/type1/public/amsfonts/cm/cmr12.pfb></usr/local/texlive/2015/texmf-dist/fonts/type1/public/amsfonts/cm/cmr17.pfb></usr/local/texlive/2015/texmf-dist/fonts/type1/public/amsfonts/cm/cmr5.pfb></usr/local/texlive/2015/texmf-dist/fonts/type1/public/amsfonts/cm/cmr6.pfb></usr/local/texlive/2015/texmf-dist/fonts/type1/public/amsfonts/cm/cmr7.pfb></usr/local/texlive/2015/texmf-dist/fonts/type1/public/amsfonts/cm/cmr8.pfb></usr/local/texlive/2015/texmf-dist/fonts/type1/public/amsfonts/cm/cmr9.pfb></usr/local/texlive/2015/texmf-dist/fonts/type1/public/amsfonts/cm/cmsy10.pfb></usr/local/texlive/2015/texmf-dist/fonts/type1/public/amsfonts/cm/cmsy6.pfb></usr/local/texlive/2015/texmf-dist/fonts/type1/public/amsfonts/cm/cmsy7.pfb></usr/local/texlive/2015/texmf-dist/fonts/type1/public/amsfonts/cm/cmsy8.pfb></usr/local/texlive/2015/texmf-dist/fonts/type1/public/amsfonts/cm/cmti10.pfb></usr/local/texlive/2015/texmf-dist/fonts/type1/public/amsfonts/cm/cmti8.pfb></usr/local/texlive/2015/texmf-dist/fonts/type1/public/amsfonts/cm/cm
ti9.pfb></usr/local/texlive/2015/texmf-dist/fonts/type1/public/amsfonts/cm/cmtt10.pfb></usr/local/texlive/2015/texmf-dist/fonts/type1/public/amsfonts/symbols/msbm10.pfb>
Output written on /Volumes/JMILLAN/WiP/DrugsGunsBabies/Documents/Drafts/WP_UC3M/.tmp/le_cU6/DrugsGunsBabies.pdf (22 pages, 646311 bytes).
PDF statistics:
 663 PDF objects out of 1000 (max. 8388607)
 581 compressed objects within 6 object streams
 139 named destinations out of 1000 (max. 500000)
 181 words of extra memory for PDF output out of 10000 (max. 10000000)

